<?xml version="1.0" encoding="UTF-8"?>
<!-- Generated by org.testng.reporters.JUnitReportReporter -->
<testsuite hostname="DESKTOP-12GSMGI" failures="0" tests="1" name="testmyaccount.Login" time="5.192" errors="0" timestamp="2025-01-23T14:57:45 EST" skipped="0">
  <testcase classname="testmyaccount.Login" name="verifyInvalidCredentials" time="5.192"/>
</testsuite> <!-- testmyaccount.Login -->
