<?xml version="1.0" encoding="UTF-8"?>
<!-- Generated by org.testng.reporters.JUnitReportReporter -->
<testsuite hostname="DESKTOP-12GSMGI" failures="0" tests="9" name="test.Login" time="59.286" errors="0" timestamp="2025-02-17T11:01:32 EST" skipped="0">
  <testcase classname="test.Login" name="verifyLoggingIntoApplicationUsingValidCredentials" time="7.239"/>
  <testcase classname="test.Login" name="verifyLoggingIntoApplicationUsingValidCredentials" time="7.007"/>
  <testcase classname="test.Login" name="verifyLoggingIntoApplicationUsingValidCredentials" time="6.970"/>
  <testcase classname="test.Login" name="verifyLoggingIntoApplicationUsingValidCredentials" time="5.281"/>
  <testcase classname="test.Login" name="verifyLoggingIntoApplicationUsingValidCredentials" time="7.137"/>
  <testcase classname="test.Login" name="verifyLoggingIntoApplicationUsingInValidCredentials" time="6.632"/>
  <testcase classname="test.Login" name="verifyLoggingIntoApplicationUsingInValidEmailAndValidPassword" time="5.732"/>
  <testcase classname="test.Login" name="verifyLoggingIntoApplicationUsingValidEmailAndInvalidPassword" time="6.843"/>
  <testcase classname="test.Login" name="verifyLoggingIntoApplicationUsingWithoutEnteringCredentials" time="6.445"/>
</testsuite> <!-- test.Login -->
