<?xml version="1.0" encoding="UTF-8"?>
<!-- Generated by org.testng.reporters.JUnitReportReporter -->
<testsuite hostname="DESKTOP-12GSMGI" failures="0" tests="1" name="Register" time="6.289" errors="0" timestamp="2025-01-26T20:41:29 EST" skipped="0">
  <testcase classname="Register" name="verifyRegisteringWithAllFields" time="6.289"/>
</testsuite> <!-- Register -->
