<?xml version="1.0" encoding="UTF-8"?>
<!-- Generated by org.testng.reporters.JUnitReportReporter -->
<testsuite hostname="DESKTOP-12GSMGI" failures="0" tests="3" name="testmyaccount.MyAccountRegister" time="22.290" errors="0" timestamp="2025-01-24T10:25:49 EST" skipped="0">
  <testcase classname="testmyaccount.MyAccountRegister" name="verifyRegisterAccountUsingValidCredentials" time="7.298"/>
  <testcase classname="testmyaccount.MyAccountRegister" name="verifyRegisterAccountUsingAllValidFiels" time="9.092"/>
  <testcase classname="testmyaccount.MyAccountRegister" name="verifyRegisteringAccountUsingWithoutFields" time="5.900"/>
</testsuite> <!-- testmyaccount.MyAccountRegister -->
