<?xml version="1.0" encoding="UTF-8"?>
<!-- Generated by org.testng.reporters.JUnitReportReporter -->
<testsuite hostname="DESKTOP-12GSMGI" failures="0" tests="3" name="test.Search" time="13.231" errors="0" timestamp="2025-02-17T11:01:32 EST" skipped="0">
  <testcase classname="test.Search" name="verifySearchingWithExistingProduct" time="4.347"/>
  <testcase classname="test.Search" name="verifySearchingWithNonExistingProduct" time="4.192"/>
  <testcase classname="test.Search" name="verifySearchingWithoutProvidingProduct" time="4.692"/>
</testsuite> <!-- test.Search -->
