<?xml version="1.0" encoding="UTF-8"?>
<!-- Generated by org.testng.reporters.JUnitReportReporter -->
<testsuite hostname="DESKTOP-12GSMGI" failures="0" tests="3" name="test.SearchTest" time="22.268" errors="0" timestamp="2025-02-17T14:06:17 EST" skipped="0">
  <testcase classname="test.SearchTest" name="verifySearchingWithExistingProduct" time="7.560"/>
  <testcase classname="test.SearchTest" name="verifySearchingWithNonExistingProduct" time="7.329"/>
  <testcase classname="test.SearchTest" name="verifySearchingWithoutProvidingProduct" time="7.379"/>
</testsuite> <!-- test.SearchTest -->
