<?xml version="1.0" encoding="UTF-8"?>
<!-- Generated by org.testng.reporters.JUnitReportReporter -->
<testsuite hostname="DESKTOP-12GSMGI" failures="0" tests="9" name="test.LoginTest" time="69.942" errors="0" timestamp="2025-02-17T14:06:17 EST" skipped="0">
  <testcase classname="test.LoginTest" name="verifyLoggingIntoApplicationUsingValidCredentials" time="8.819"/>
  <testcase classname="test.LoginTest" name="verifyLoggingIntoApplicationUsingValidCredentials" time="6.472"/>
  <testcase classname="test.LoginTest" name="verifyLoggingIntoApplicationUsingValidCredentials" time="8.892"/>
  <testcase classname="test.LoginTest" name="verifyLoggingIntoApplicationUsingValidCredentials" time="6.927"/>
  <testcase classname="test.LoginTest" name="verifyLoggingIntoApplicationUsingValidCredentials" time="8.345"/>
  <testcase classname="test.LoginTest" name="verifyLoggingIntoApplicationUsingInValidCredentials" time="8.366"/>
  <testcase classname="test.LoginTest" name="verifyLoggingIntoApplicationUsingInValidEmailAndValidPassword" time="5.622"/>
  <testcase classname="test.LoginTest" name="verifyLoggingIntoApplicationUsingValidEmailAndInvalidPassword" time="8.347"/>
  <testcase classname="test.LoginTest" name="verifyLoggingIntoApplicationUsingWithoutEnteringCredentials" time="8.152"/>
</testsuite> <!-- test.LoginTest -->
